13:37:41 [INFO] - STATE TRANSITIONS:
13:37:41 [INFO] - â”Œâ”€ STATE: ğŸ”„ âš™ï¸ TestState
13:37:41 [INFO] - â”‚  â”œâ”€ Dependencies: Dependency1 âœ“, Dependency2 âœ“
13:37:41 [INFO] - â”Œâ”€ STATE: ğŸ”„ âš™ï¸ TestState
13:37:41 [INFO] - â”‚  â”œâ”€ Dependencies: none
13:37:41 [INFO] - â”‚  â”œâ”€ Actions: â³ EXECUTING
13:37:41 [INFO] - â”‚  â”‚  â”œâ”€ Command: test-command (Test action)
13:37:41 [SUCCESS] - â”‚  â”‚  â”‚  â””â”€ Status: âœ“ SUCCESS (0s)
13:37:41 [INFO] - â”Œâ”€ STATE: ğŸ”„ âš™ï¸ TestState
13:37:41 [INFO] - â”‚  â”œâ”€ Dependencies: none
13:37:41 [SUCCESS] - â”‚  â””â”€ Result: âœ… COMPLETED (0s)
13:37:41 [INFO] - 
13:37:41 [INFO] - â”Œâ”€ STATE: ğŸ”„ âš™ï¸ State1
13:37:41 [INFO] - â”‚  â”œâ”€ Dependencies: none
13:37:41 [SUCCESS] - â”‚  â””â”€ Result: âœ… COMPLETED (0s)
13:37:41 [INFO] - 
13:37:42 [INFO] - â”Œâ”€ STATE: ğŸ”„ âš™ï¸ State2
13:37:42 [INFO] - â”‚  â”œâ”€ Dependencies: none
13:37:42 [ERROR] - â”‚  â””â”€ Result: âŒ FAILED (0s)
13:37:42 [INFO] - 
13:37:42 [SUCCESS] - âœ… Successfully processed: TestState, State1
13:37:42 [ERROR] - âŒ Failed: State2
13:37:42 [INFO] - â±ï¸ Total time: 0.3s
